<?xml version="1.0" encoding="UTF-8"?>
<!-- Generated by org.testng.reporters.JUnitReportReporter -->
<testsuite hostname="DESKTOP-N2893VI" failures="0" tests="1" name="first_api.Basics" time="7.651" errors="0" timestamp="2023-02-23T18:45:17 GMT-08:00" skipped="0">
  <testcase classname="first_api.Basics" name="first" time="7.651"/>
  <system-out/>
</testsuite> <!-- first_api.Basics -->
