<?xml version="1.0" encoding="UTF-8"?>
<!-- Generated by org.testng.reporters.JUnitReportReporter -->
<testsuite hostname="DESKTOP-N2893VI" failures="0" tests="1" name="first_api.Json_Prac" time="2.219" errors="0" timestamp="2023-02-25T12:55:38 GMT-08:00" skipped="0">
  <testcase classname="first_api.Json_Prac" name="jsonprac" time="2.219"/>
  <system-out/>
</testsuite> <!-- first_api.Json_Prac -->
