<?xml version="1.0" encoding="UTF-8"?>
<!-- Generated by org.testng.reporters.JUnitReportReporter -->
<testsuite hostname="DESKTOP-N2893VI" failures="0" tests="1" name="first_api.LibraryAPI" time="2.589" errors="0" timestamp="2023-02-27T17:13:30 GMT-08:00" skipped="0">
  <testcase classname="first_api.LibraryAPI" name="byfromsavedfile" time="2.589"/>
  <system-out/>
</testsuite> <!-- first_api.LibraryAPI -->
