<?xml version="1.0" encoding="UTF-8"?>
<!-- Generated by org.testng.reporters.JUnitReportReporter -->
<testsuite hostname="DESKTOP-N2893VI" failures="0" tests="1" name="ai.ds.testlayerr.TransactionspageTest" time="20.720" errors="0" timestamp="2023-01-19T01:52:51 GMT-08:00" skipped="0">
  <testcase classname="ai.ds.testlayerr.TransactionspageTest" name="getDatainExcel" time="20.720"/>
  <system-out/>
</testsuite> <!-- ai.ds.testlayerr.TransactionspageTest -->
