<?xml version="1.0" encoding="UTF-8"?>
<!-- Generated by org.testng.reporters.JUnitReportReporter -->
<testsuite hostname="DESKTOP-N2893VI" failures="0" tests="1" name="ai.ds.testlayerr.LoginPageTest" time="13.300" errors="0" timestamp="2023-01-10T19:43:46 GMT-08:00" skipped="0">
  <testcase classname="ai.ds.testlayerr.LoginPageTest" name="verifyLogin" time="13.300"/>
  <system-out/>
</testsuite> <!-- ai.ds.testlayerr.LoginPageTest -->
