<?xml version="1.0" encoding="UTF-8"?>
<!-- Generated by org.testng.reporters.JUnitReportReporter -->
<testsuite hostname="DESKTOP-N2893VI" failures="0" tests="1" name="ai.ds.testlayerr.Makemytrip" time="55.440" errors="0" timestamp="2023-02-01T18:03:01 GMT-08:00" skipped="0">
  <testcase classname="ai.ds.testlayerr.Makemytrip" name="prac" time="55.440"/>
  <system-out/>
</testsuite> <!-- ai.ds.testlayerr.Makemytrip -->
