<?xml version="1.0" encoding="UTF-8"?>
<!-- Generated by org.testng.reporters.JUnitReportReporter -->
<testsuite hostname="DESKTOP-N2893VI" failures="0" tests="1" name="ai.ds.testbase.Testbase" time="7.809" errors="0" timestamp="2023-01-08T20:56:57 GMT-08:00" skipped="0">
  <testcase classname="ai.ds.testbase.Testbase" name="asach" time="7.809"/>
  <system-out/>
</testsuite> <!-- ai.ds.testbase.Testbase -->
