<?xml version="1.0" encoding="UTF-8"?>
<!-- Generated by org.testng.reporters.JUnitReportReporter -->
<testsuite hostname="DESKTOP-N2893VI" failures="0" tests="1" name="ai.ds.testlayer.LoginPageTest" time="13.652" errors="0" timestamp="2022-12-23T18:07:22 GMT-08:00" skipped="0">
  <testcase classname="ai.ds.testlayer.LoginPageTest" name="verifyLogin" time="13.652"/>
  <system-out/>
</testsuite> <!-- ai.ds.testlayer.LoginPageTest -->
