<?xml version="1.0" encoding="UTF-8"?>
<!-- Generated by org.testng.reporters.JUnitReportReporter -->
<testsuite hostname="DESKTOP-N2893VI" failures="0" tests="1" name="ai.ds.testlayer.TransactionsPageTest" time="29.966" errors="0" timestamp="2022-12-23T18:07:22 GMT-08:00" skipped="0">
  <testcase classname="ai.ds.testlayer.TransactionsPageTest" name="getAllTransactionsData" time="29.966"/>
  <system-out/>
</testsuite> <!-- ai.ds.testlayer.TransactionsPageTest -->
