<?xml version="1.0" encoding="UTF-8"?>
<!-- Generated by org.testng.reporters.JUnitReportReporter -->
<testsuite hostname="DESKTOP-N2893VI" failures="0" tests="2" name="ai.ds.testlayer.Buyfunctionality" time="59.211" errors="0" timestamp="2023-01-06T16:44:09 GMT-08:00" skipped="0">
  <testcase classname="ai.ds.testlayer.Buyfunctionality" name="verifyBuyLongtermorder" time="23.851"/>
  <system-out/>
  <testcase classname="ai.ds.testlayer.Buyfunctionality" name="verifyBuyLongtermorder" time="35.360"/>
  <system-out/>
</testsuite> <!-- ai.ds.testlayer.Buyfunctionality -->
