<?xml version="1.0" encoding="UTF-8"?>
<!-- Generated by org.testng.reporters.JUnitReportReporter -->
<testsuite hostname="DESKTOP-N2893VI" failures="0" tests="1" name="ai.ds.testbase.TestBase" time="20.379" errors="0" timestamp="2022-12-15T19:07:16 GMT-08:00" skipped="0">
  <testcase classname="ai.ds.testbase.TestBase" name="ll" time="20.379"/>
  <system-out/>
</testsuite> <!-- ai.ds.testbase.TestBase -->
