<?xml version="1.0" encoding="UTF-8"?>
<!-- Generated by org.testng.reporters.JUnitReportReporter -->
<testsuite hostname="DESKTOP-N2893VI" failures="0" tests="5" name="Kenjale.PracticeMaven.Pra_Dependsonenabled" time="0.035" errors="0" timestamp="2022-12-12T18:59:22 GMT-08:00" skipped="1">
  <testcase classname="Kenjale.PracticeMaven.Pra_Dependsonenabled" name="sksk" time="0.005"/>
  <system-out/>
  <testcase classname="Kenjale.PracticeMaven.Pra_Dependsonenabled" name="ss" time="0.003"/>
  <system-out/>
  <testcase classname="Kenjale.PracticeMaven.Pra_Dependsonenabled" name="a1" time="0.023"/>
  <system-out/>
  <testcase classname="Kenjale.PracticeMaven.Pra_Dependsonenabled" name="a2" time="0.004"/>
  <system-out/>
  <testcase classname="Kenjale.PracticeMaven.Pra_Dependsonenabled" name="hfh">
    <skipped/>
  </testcase> <!-- hfh -->
  <system-out/>
</testsuite> <!-- Kenjale.PracticeMaven.Pra_Dependsonenabled -->
