<?xml version="1.0" encoding="UTF-8"?>
<!-- Generated by org.testng.reporters.JUnitReportReporter -->
<testsuite hostname="DESKTOP-N2893VI" failures="0" tests="6" name="Kenjale.PracticeMaven.Groupspra" time="0.024" errors="0" timestamp="2022-12-12T18:59:22 GMT-08:00" skipped="0">
  <testcase classname="Kenjale.PracticeMaven.Groupspra" name="ps" time="0.003"/>
  <system-out/>
  <testcase classname="Kenjale.PracticeMaven.Groupspra" name="ms" time="0.005"/>
  <system-out/>
  <testcase classname="Kenjale.PracticeMaven.Groupspra" name="cx" time="0.004"/>
  <system-out/>
  <testcase classname="Kenjale.PracticeMaven.Groupspra" name="js" time="0.004"/>
  <system-out/>
  <testcase classname="Kenjale.PracticeMaven.Groupspra" name="nd" time="0.005"/>
  <system-out/>
  <testcase classname="Kenjale.PracticeMaven.Groupspra" name="xf" time="0.003"/>
  <system-out/>
</testsuite> <!-- Kenjale.PracticeMaven.Groupspra -->
