<?xml version="1.0" encoding="UTF-8"?>
<!-- Generated by org.testng.reporters.JUnitReportReporter -->
<testsuite hostname="DESKTOP-N2893VI" failures="0" tests="1" name="Kenjale.PracticeMaven.NewTestPrac" time="0.022" errors="0" timestamp="2023-01-07T15:32:17 GMT-08:00" skipped="0">
  <testcase classname="Kenjale.PracticeMaven.NewTestPrac" name="scenario" time="0.022"/>
  <system-out/>
</testsuite> <!-- Kenjale.PracticeMaven.NewTestPrac -->
